Arguments: 
  /Users/shouheiyamauchi/.nvm/versions/node/v8.5.0/bin/node /usr/local/Cellar/yarn/1.3.2/libexec/bin/yarn.js watch

PATH: 
  /Users/shouheiyamauchi/.nvm/versions/node/v8.5.0/bin:/Users/shouheiyamauchi/.rbenv/shims:/Users/shouheiyamauchi/.rbenv/bin:/usr/local/bin:/usr/bin:/bin:/usr/sbin:/sbin:/usr/local/mysql/bin

Yarn version: 
  1.3.2

Node version: 
  8.5.0

Platform: 
  darwin x64

npm manifest: 
  {
    "name": "somnio",
    "version": "0.0.0",
    "private": true,
    "scripts": {
      "start": "node ./bin/www"
      "watch": "nodemon ./bin/www"
    },
    "dependencies": {
      "body-parser": "~1.18.2",
      "cookie-parser": "~1.4.3",
      "debug": "~2.6.9",
      "express": "~4.15.5",
      "firebase": "^4.6.2",
      "jade": "~1.11.0",
      "morgan": "~1.9.0",
      "nodemon": "^1.12.1",
      "serve-favicon": "~2.4.5"
    }
  }

yarn manifest: 
  No manifest

Lockfile: 
  No lockfile

Trace: 
  SyntaxError: /Users/shouheiyamauchi/Documents/Facebook/somnio/package.json: Unexpected string in JSON at position 112
      at JSON.parse (<anonymous>)
      at /usr/local/Cellar/yarn/1.3.2/libexec/lib/cli.js:770:59
      at Generator.next (<anonymous>)
      at step (/usr/local/Cellar/yarn/1.3.2/libexec/lib/cli.js:92:30)
      at /usr/local/Cellar/yarn/1.3.2/libexec/lib/cli.js:103:13
      at <anonymous>
